ERROR 2024-05-21 21:45:56,952 Authentication assets.py 33 MentorSignup message - Error creating a mentorname 'urlsafe_base64_encode' is not defined
ERROR 2024-05-21 21:47:26,638 Authentication assets.py 33 MentorSignup message - Error creating a mentorname 'urlsafe_base64_encode' is not defined
ERROR 2024-05-21 21:49:29,739 Authentication assets.py 33 MentorSignup message - Error creating a mentorname 'encryptData' is not defined
ERROR 2024-05-21 21:50:05,025 Authentication assets.py 33 MentorSignup message - Error creating a mentorname 'x' is not defined
ERROR 2024-05-21 21:52:58,674 Authentication assets.py 32 MentorSignup message - Error creating a mentorCould not parse the remainder: '-mail' from 'verify-mail'
ERROR 2024-05-21 21:56:28,156 Authentication assets.py 32 MentorSignup message - Error creating a mentorCould not parse the remainder: ' + verifyMail' from 'BASE_URL + verifyMail'
ERROR 2024-05-21 22:11:56,983 Authentication assets.py 33 user_login message - Error while Login  JSON parse error - Expecting ':' delimiter: line 4 column 17 (char 100)
ERROR 2024-05-21 22:12:27,689 Authentication assets.py 33 user_login message - Invalid Credentials
ERROR 2024-05-21 22:13:25,250 Authentication assets.py 33 user_login message - Error while Login  name 'get_or_create_jwt' is not defined
ERROR 2024-05-26 00:11:16,594 Authentication assets.py 33 VerifyMentee message - Error verifying email Mentee matching query does not exist.
ERROR 2024-05-26 00:27:58,305 Authentication assets.py 33 getMenteeDetails message - Error saving mentor details - 'QuerySet' object has no attribute 'user_type'
ERROR 2024-05-26 00:37:08,649 Authentication assets.py 33 MenteeSignup message - Error creating a mentee[WinError 10060] A connection attempt failed because the connected party did not properly respond after a period of time, or established connection failed because connected host has failed to respond
ERROR 2024-05-26 00:38:08,640 Authentication assets.py 33 MenteeSignup message - Error creating a mentee[WinError 10060] A connection attempt failed because the connected party did not properly respond after a period of time, or established connection failed because connected host has failed to respond
ERROR 2024-05-26 00:59:04,409 Authentication assets.py 33 getMenteeDetails message - Error saving mentor details - name 'userDetails' is not defined
ERROR 2024-05-26 01:11:35,965 Authentication assets.py 33 user_login message - Error while Login  unsupported operand type(s) for +: 'NoneType' and 'NoneType'
ERROR 2024-05-26 01:16:13,425 Authentication assets.py 33 user_login message - Invalid Credentials
ERROR 2024-05-26 01:31:40,542 profile_details assets.py 19 mentor_details message - Error while fetching details
ERROR 2024-05-26 01:32:44,728 profile_details assets.py 19 mentor_details message - Error while fetching details
ERROR 2024-05-26 01:32:53,369 profile_details assets.py 19 mentor_details message - Error while fetching details
ERROR 2024-05-26 01:33:30,711 Authentication assets.py 33 getMenteeDetails message - Error saving mentor details - name 'userDetails' is not defined
ERROR 2024-05-26 01:34:06,572 Authentication assets.py 33 getMenteeDetails message - Error saving mentor details - 'QuerySet' object has no attribute 'user_type'
ERROR 2024-05-26 01:35:15,584 Authentication assets.py 33 getMenteeDetails message - Error saving mentor details - 'QuerySet' object has no attribute 'user_type'
ERROR 2024-05-26 01:36:05,287 Authentication assets.py 33 getMenteeDetails message - Error saving mentor details - 'QuerySet' object has no attribute 'jwt'
ERROR 2024-05-26 01:36:27,524 Authentication assets.py 33 getMenteeDetails message - Error saving mentor details - list index out of range
ERROR 2024-05-26 01:37:14,917 Authentication assets.py 33 getMenteeDetails message - Error saving mentor details - list index out of range
ERROR 2024-05-26 01:37:37,108 Authentication assets.py 33 getMenteeDetails message - Error saving mentor details - 'NoneType' object is not subscriptable
ERROR 2024-05-26 01:51:42,101 Authentication assets.py 33 getMenteeDetails message - Error saving mentor details - 'NoneType' object is not subscriptable
ERROR 2024-05-26 01:52:11,566 Authentication assets.py 33 getMenteeDetails message - Error saving mentor details - 'NoneType' object is not subscriptable
ERROR 2024-05-26 01:52:41,110 Authentication assets.py 33 getMenteeDetails message - Error saving mentor details - 'NoneType' object is not subscriptable
ERROR 2024-05-26 01:53:15,177 Authentication assets.py 33 getMenteeDetails message - Error saving mentor details - 'NoneType' object is not subscriptable
ERROR 2024-05-26 01:53:48,092 Authentication assets.py 33 getMenteeDetails message - Error saving mentor details - 'AuthToken' object is not iterable
ERROR 2024-05-26 01:54:03,352 Authentication assets.py 33 getMenteeDetails message - Error saving mentor details - 'AuthToken' object has no attribute 'jwt'
ERROR 2024-05-26 01:54:28,630 Authentication assets.py 33 getMenteeDetails message - Error saving mentor details - 'AuthToken' object has no attribute 'referenced_id'
ERROR 2024-05-26 01:54:52,974 Authentication assets.py 33 getMenteeDetails message - Error saving mentor details - 'AuthToken' object has no attribute 'referencedId'
ERROR 2024-05-26 01:55:04,804 Authentication assets.py 33 getMenteeDetails message - Error saving mentor details - Mentee matching query does not exist.
ERROR 2024-05-26 01:55:36,771 Authentication assets.py 33 getMenteeDetails message - Error saving mentor details - Mentee matching query does not exist.
ERROR 2024-05-26 01:56:02,488 Authentication assets.py 33 getMenteeDetails message - Error saving mentor details - Mentee matching query does not exist.
ERROR 2024-05-26 01:56:21,324 Authentication assets.py 33 getMenteeDetails message - Error saving mentor details - Mentee matching query does not exist.
ERROR 2024-05-26 02:04:43,372 Authentication assets.py 33 MentorSignup message - Error creating a mentor[WinError 10060] A connection attempt failed because the connected party did not properly respond after a period of time, or established connection failed because connected host has failed to respond
ERROR 2024-05-26 02:05:42,148 Authentication assets.py 33 getMentorDetails message - Error saving mentor details - Mentor matching query does not exist.
ERROR 2024-05-26 02:05:58,387 Authentication assets.py 33 getMentorDetails message - Error saving mentor details - 'id'
ERROR 2024-05-27 21:24:45,757 Authentication assets.py 33 getMentorDetails message - Error saving mentor details - Cannot resolve keyword '4' into field. Choices are: areas_of_expertise, availabesession, bio, city, company, country, created_at, date_of_birth, designation, email_id, experience, first_name, gender, id, is_email_verified, is_experience, is_top_rated, languages, last_name, mentor_experience, number_of_likes, password, phone_number, profile_picture_url, session, testimonial
ERROR 2024-05-27 21:35:39,716 Sessions assets.py 14 createAvalableSession message - Error in creating available session insert or update on table "static_availabesession" violates foreign key constraint "static_availabesession_mentor_id_1ac2a4a0_fk_static_mentor_id"
DETAIL:  Key (mentor_id)=(33) is not present in table "static_mentor".

ERROR 2024-05-27 22:35:31,994 Authentication assets.py 33 getMentorDetails message - Error saving mentor details - list index out of range
ERROR 2024-05-27 22:35:52,026 Authentication assets.py 33 getMentorDetails message - Error saving mentor details - list index out of range
ERROR 2024-05-27 22:52:42,062 Authentication assets.py 33 getMentorDetails message - Error saving mentor details - list index out of range
ERROR 2024-05-27 22:53:35,624 Authentication assets.py 33 getMentorDetails message - Error saving mentor details - list index out of range
ERROR 2024-05-27 22:54:29,792 Authentication assets.py 33 getMentorDetails message - Error saving mentor details - list index out of range
ERROR 2024-05-27 22:54:55,761 Authentication assets.py 33 getMentorDetails message - Error saving mentor details - list index out of range
ERROR 2024-05-27 22:57:05,863 Authentication assets.py 33 getMentorDetails message - Error saving mentor details - list index out of range
ERROR 2024-05-27 22:57:23,595 Authentication assets.py 33 getMentorDetails message - Error saving mentor details - list index out of range
ERROR 2024-05-27 22:57:34,782 Authentication assets.py 33 getMentorDetails message - Error saving mentor details - list index out of range
ERROR 2024-05-27 23:39:12,555 Authentication assets.py 33 getMenteeDetails message - Error saving mentor details - 'id'
ERROR 2024-05-27 23:39:59,580 Authentication assets.py 33 VerifyMentee message - Error verifying email Mentee matching query does not exist.
ERROR 2024-05-27 23:41:08,168 Authentication assets.py 33 VerifyMentee message - Error verifying email Mentee matching query does not exist.
ERROR 2024-05-27 23:41:09,059 Authentication assets.py 33 VerifyMentee message - Error verifying email Mentee matching query does not exist.
ERROR 2024-05-27 23:41:09,383 Authentication assets.py 33 VerifyMentee message - Error verifying email Mentee matching query does not exist.
ERROR 2024-05-27 23:41:09,609 Authentication assets.py 33 VerifyMentee message - Error verifying email Mentee matching query does not exist.
ERROR 2024-05-27 23:41:10,569 Authentication assets.py 33 VerifyMentee message - Error verifying email Mentee matching query does not exist.
ERROR 2024-05-27 23:41:10,786 Authentication assets.py 33 VerifyMentee message - Error verifying email Mentee matching query does not exist.
ERROR 2024-05-27 23:41:10,964 Authentication assets.py 33 VerifyMentee message - Error verifying email Mentee matching query does not exist.
ERROR 2024-05-27 23:41:23,243 Authentication assets.py 33 VerifyMentee message - Error verifying email Mentee matching query does not exist.
ERROR 2024-05-27 23:43:40,664 Authentication assets.py 33 getMenteeDetails message - Error saving mentor details - Mentee matching query does not exist.
ERROR 2024-05-27 23:44:46,723 Authentication assets.py 33 getMenteeDetails message - Error saving mentor details - list index out of range
ERROR 2024-05-27 23:45:17,167 Authentication assets.py 33 getMenteeDetails message - Error saving mentor details - list index out of range
ERROR 2024-05-28 22:15:03,590 Authentication assets.py 33 user_login message - Invalid user_role
ERROR 2024-05-28 22:17:01,336 Authentication assets.py 33 user_login message - Error while Login  unsupported operand type(s) for +: 'NoneType' and 'NoneType'
ERROR 2024-05-30 21:12:24,704 profile_details assets.py 19 listAllMentors message - Error in list mentorsHTTPConnectionPool(host='tinyurl.com', port=80): Read timed out. (read timeout=2)
ERROR 2024-06-03 22:37:18,318 Authentication assets.py 33 getMenteeDetails message - Error saving mentor details - Mentee matching query does not exist.
ERROR 2024-06-05 00:27:54,405 Authentication assets.py 33 MentorSignup message - Error creating a mentorUnsupported media type "text/plain;charset=UTF-8" in request.
ERROR 2024-06-05 00:32:40,527 Authentication assets.py 33 MentorSignup message - Error creating a mentorUnsupported media type "text/plain;charset=UTF-8" in request.
ERROR 2024-06-05 00:32:40,527 Authentication assets.py 33 MentorSignup message - Error creating a mentorUnsupported media type "text/plain;charset=UTF-8" in request.
ERROR 2024-06-05 00:39:26,254 Authentication assets.py 33 MentorSignup message - Error creating a mentorJSON parse error - Expecting value: line 1 column 2 (char 1)
ERROR 2024-06-05 00:39:26,255 Authentication assets.py 33 MentorSignup message - Error creating a mentorJSON parse error - Expecting value: line 1 column 2 (char 1)
ERROR 2024-06-05 00:40:09,096 Authentication assets.py 33 MentorSignup message - Error creating a mentor'email_id'
ERROR 2024-06-05 00:40:17,336 Authentication assets.py 33 MentorSignup message - Error creating a mentor'email_id'
ERROR 2024-06-05 00:40:17,367 Authentication assets.py 33 MentorSignup message - Error creating a mentor'email_id'
ERROR 2024-06-06 00:54:07,367 Sessions assets.py 14 createAvailableSession message - Error in creating available session insert or update on table "static_availabesession" violates foreign key constraint "static_availabesession_mentor_id_1ac2a4a0_fk_static_mentor_id"
DETAIL:  Key (mentor_id)=(46) is not present in table "static_mentor".

ERROR 2024-06-06 00:54:44,744 Sessions assets.py 14 createAvailableSession message - Error in creating available session insert or update on table "static_availabesession" violates foreign key constraint "static_availabesession_mentor_id_1ac2a4a0_fk_static_mentor_id"
DETAIL:  Key (mentor_id)=(46) is not present in table "static_mentor".

ERROR 2024-06-06 00:55:22,305 Sessions assets.py 14 createAvailableSession message - Error in creating available session insert or update on table "static_availabesession" violates foreign key constraint "static_availabesession_mentor_id_1ac2a4a0_fk_static_mentor_id"
DETAIL:  Key (mentor_id)=(46) is not present in table "static_mentor".

ERROR 2024-06-06 00:56:23,998 Sessions assets.py 14 createAvailableSession message - Error in creating available session insert or update on table "static_availabesession" violates foreign key constraint "static_availabesession_mentor_id_1ac2a4a0_fk_static_mentor_id"
DETAIL:  Key (mentor_id)=(46) is not present in table "static_mentor".

ERROR 2024-06-06 00:57:27,209 Sessions assets.py 14 createAvailableSession message - Error in creating available session insert or update on table "static_availabesession" violates foreign key constraint "static_availabesession_mentor_id_1ac2a4a0_fk_static_mentor_id"
DETAIL:  Key (mentor_id)=(46) is not present in table "static_mentor".

ERROR 2024-06-06 00:58:14,503 Sessions assets.py 14 createAvailableSession message - Error in creating available session insert or update on table "static_availabesession" violates foreign key constraint "static_availabesession_mentor_id_1ac2a4a0_fk_static_mentor_id"
DETAIL:  Key (mentor_id)=(46) is not present in table "static_mentor".

ERROR 2024-06-06 00:58:38,691 Sessions assets.py 14 createAvailableSession message - Error in creating available session insert or update on table "static_availabesession" violates foreign key constraint "static_availabesession_mentor_id_1ac2a4a0_fk_static_mentor_id"
DETAIL:  Key (mentor_id)=(46) is not present in table "static_mentor".

ERROR 2024-06-06 00:59:15,018 Sessions assets.py 14 createAvailableSession message - Error in creating available session insert or update on table "static_availabesession" violates foreign key constraint "static_availabesession_mentor_id_1ac2a4a0_fk_static_mentor_id"
DETAIL:  Key (mentor_id)=(46) is not present in table "static_mentor".

ERROR 2024-06-06 00:59:48,742 Sessions assets.py 14 createAvailableSession message - Error in creating available session insert or update on table "static_availabesession" violates foreign key constraint "static_availabesession_mentor_id_1ac2a4a0_fk_static_mentor_id"
DETAIL:  Key (mentor_id)=(46) is not present in table "static_mentor".

ERROR 2024-06-11 00:47:56,317 Authentication assets.py 34 MentorSignup message - Error creating a mentor[WinError 10060] A connection attempt failed because the connected party did not properly respond after a period of time, or established connection failed because connected host has failed to respond
ERROR 2024-06-11 00:48:41,448 Authentication assets.py 34 MentorSignup message - Error creating a mentor[WinError 10060] A connection attempt failed because the connected party did not properly respond after a period of time, or established connection failed because connected host has failed to respond
ERROR 2024-06-11 00:49:29,622 Authentication assets.py 34 MentorSignup message - Error creating a mentor[WinError 10060] A connection attempt failed because the connected party did not properly respond after a period of time, or established connection failed because connected host has failed to respond
ERROR 2024-06-11 00:50:55,664 Authentication assets.py 34 MentorSignup message - Error creating a mentor[WinError 10060] A connection attempt failed because the connected party did not properly respond after a period of time, or established connection failed because connected host has failed to respond
ERROR 2024-06-11 00:51:40,787 Authentication assets.py 34 MentorSignup message - Error creating a mentor[WinError 10060] A connection attempt failed because the connected party did not properly respond after a period of time, or established connection failed because connected host has failed to respond
ERROR 2024-06-11 01:14:05,315 profile_details assets.py 19 menteeDetails message - Error fetching mentee details
ERROR 2024-06-11 01:14:35,095 profile_details assets.py 19 menteeDetails message - Error fetching mentee details
ERROR 2024-06-11 01:17:09,195 Authentication assets.py 34 VerifyMentee message - Error verifying email 
ERROR 2024-06-11 01:18:17,148 profile_details assets.py 19 menteeDetails message - Error fetching mentee detailsunsupported operand type(s) for +: 'NoneType' and 'str'
ERROR 2024-06-11 01:48:39,780 Sessions assets.py 14 createAvailableSession message - Error returing the available sessions Field 'id' expected a number but got 'gAAAAABmVKypDipVJpqbQoCC0OsMNl9jiqQD37gfNJ3tV_nfM3onIy3acsV3GzDtNGiIE-iy2acMXVkoYZPq47WaklhjRASPtg=='.
ERROR 2024-06-11 01:51:42,470 Sessions assets.py 14 createAvailableSession message - Error returing the available sessions 'id'
ERROR 2024-06-11 01:52:41,426 Sessions assets.py 14 createAvailableSession message - Error returing the available sessions 'id'
ERROR 2024-06-11 01:52:57,306 Sessions assets.py 14 createAvailableSession message - Error returing the available sessions 'id'
ERROR 2024-06-11 01:54:14,474 profile_details assets.py 19 menteeDetails message - Error fetching mentee details'id'
ERROR 2024-06-11 01:58:06,627 profile_details assets.py 19 listAllMentors message - Error in list mentorsAvailabeSession matching query does not exist.
ERROR 2024-06-12 10:12:38,806 profile_details assets.py 19 listAllMentors message - Error in list mentorsname 'get_datetime' is not defined
ERROR 2024-06-13 18:08:02,676 profile_details assets.py 19 mentor_details message - Error while fetching details
ERROR 2024-06-13 18:09:46,818 profile_details assets.py 19 mentor_details message - Error while fetching details
ERROR 2024-06-13 18:10:39,233 profile_details assets.py 19 mentor_details message - Error while fetching details
ERROR 2024-06-13 18:11:19,902 profile_details assets.py 19 mentor_details message - Error while fetching details
ERROR 2024-06-13 22:09:17,608 profile_details assets.py 19 mentor_details message - Error while fetching details
ERROR 2024-06-13 23:04:34,312 Sessions assets.py 14 createAvailableSession message - Error in creating available session object of type 'bool' has no len()
ERROR 2024-06-13 23:05:10,864 Sessions assets.py 14 createAvailableSession message - Error in creating available session object of type 'bool' has no len()
ERROR 2024-06-14 22:35:38,706 Authentication assets.py 34 user_login message - Invalid Credentials
ERROR 2024-06-15 00:51:33,422 profile_details assets.py 19 experience message - Error getting experience details cannot access local variable 'role' where it is not associated with a value
ERROR 2024-06-15 00:52:12,639 profile_details assets.py 19 experience message - Error getting experience details cannot access local variable 'role' where it is not associated with a value
ERROR 2024-06-15 00:54:26,409 profile_details assets.py 19 experience message - Error getting experience details 'dict' object has no attribute 'description'
ERROR 2024-06-15 00:55:29,749 profile_details assets.py 19 experience message - Error getting experience details 'dict' object has no attribute 'description'
ERROR 2024-06-16 00:15:40,185 profile_details assets.py 19 mentor_details message - Error while fetching details
ERROR 2024-06-16 00:17:20,390 profile_details assets.py 19 mentor_details message - Error while fetching details
ERROR 2024-06-16 00:17:43,935 profile_details assets.py 19 mentor_details message - Error while fetching details
ERROR 2024-06-16 00:17:59,792 profile_details assets.py 19 mentor_details message - Error while fetching details
ERROR 2024-06-16 00:18:25,524 profile_details assets.py 19 mentor_details message - Error while fetching details
ERROR 2024-06-16 00:18:48,254 profile_details assets.py 19 mentor_details message - Error while fetching details
ERROR 2024-06-16 00:19:25,009 profile_details assets.py 19 mentor_details message - Error while fetching details
ERROR 2024-06-16 00:26:27,860 profile_details assets.py 19 mentor_details message - Error while fetching details
ERROR 2024-06-16 12:03:19,098 Authentication assets.py 34 user_login message - Invalid Credentials
ERROR 2024-06-16 14:13:52,713 Authentication assets.py 34 VerifyMentor message - Error verifying email Mentor matching query does not exist.
ERROR 2024-06-16 14:54:02,944 Authentication assets.py 34 VerifyMentee message - Error verifying email Mentee matching query does not exist.
ERROR 2024-06-16 14:54:41,328 Authentication assets.py 34 VerifyMentee message - Error verifying email Mentee matching query does not exist.
ERROR 2024-06-16 19:49:58,318 Authentication assets.py 34 VerifyMentor message - Error verifying email 
ERROR 2024-06-16 19:50:19,793 Authentication assets.py 34 VerifyMentor message - Error verifying email 
ERROR 2024-06-16 19:52:51,666 Authentication assets.py 34 user_login message - Invalid user_role
ERROR 2024-06-16 19:53:23,072 Authentication assets.py 34 user_login message - Invalid user_role
ERROR 2024-06-16 19:55:22,613 Authentication assets.py 34 user_login message - Invalid Credentials
ERROR 2024-06-16 19:59:27,290 Authentication assets.py 34 getMentorDetails message - Error saving mentor details - 'first_name'
ERROR 2024-06-16 19:59:55,979 Authentication assets.py 34 getMentorDetails message - Error saving mentor details - 'first_name'
ERROR 2024-06-16 20:01:22,209 Authentication assets.py 34 getMentorDetails message - Error saving mentor details - 'first_name'
ERROR 2024-06-16 20:08:48,048 Authentication assets.py 34 user_login message - Invalid user_role
ERROR 2024-06-16 21:37:32,194 Sessions assets.py 14 upcoming_sessions message - Error while displaying upcoming session
ERROR 2024-06-16 21:44:53,385 Sessions assets.py 14 upcoming_sessions message - Error while displaying upcoming session
ERROR 2024-06-16 22:10:16,388 Sessions assets.py 14 upcoming_sessions message - Error while displaying upcoming session
ERROR 2024-06-16 22:21:59,175 Sessions assets.py 14 upcoming_sessions message - Error while displaying upcoming session
ERROR 2024-06-16 23:19:08,776 Authentication assets.py 34 user_login message - Invalid Credentials
ERROR 2024-06-16 23:19:18,512 Authentication assets.py 34 user_login message - Invalid Credentials
ERROR 2024-06-16 23:19:37,857 Authentication assets.py 34 user_login message - Invalid Credentials
ERROR 2024-06-16 23:20:25,982 Authentication assets.py 34 user_login message - Invalid Credentials
ERROR 2024-06-16 23:26:11,878 Sessions assets.py 14 bookSession message - Error booking a session 'QuerySet' object has no attribute 'save'
ERROR 2024-06-16 23:27:50,482 Sessions assets.py 14 bookSession message - Error booking a session The QuerySet value for an exact lookup must be limited to one result using slicing.
ERROR 2024-06-17 00:25:26,535 Sessions assets.py 14 upcoming_sessions_mentor message - Error while displaying upcoming session
ERROR 2024-06-17 00:27:19,183 Sessions assets.py 14 upcoming_sessions_mentor message - Error while displaying upcoming session
ERROR 2024-06-17 00:42:04,433 Sessions assets.py 14 bookSession message - Error booking a session duplicate key value violates unique constraint "static_bookedsession_requested_session_id_key"
DETAIL:  Key (requested_session_id)=(16) already exists.

ERROR 2024-06-17 01:44:39,007 Sessions assets.py 14 upcoming_sessions_mentor message - Error while displaying upcoming session
ERROR 2024-06-17 01:46:08,247 Sessions assets.py 14 bookSession message - Error booking a session Session matching query does not exist.
ERROR 2024-06-17 13:27:29,314 Sessions assets.py 14 session_cancellation message - Error had occured
ERROR 2024-06-17 13:27:44,243 Sessions assets.py 14 session_cancellation message - Error had occured
ERROR 2024-06-17 14:00:30,699 Authentication assets.py 34 user_login message - Error while Login  connection to server at "ep-summer-poetry-a46p88qe-pooler.us-east-1.aws.neon.tech" (2600:1f18:240c:5421:acd1:6284:5a8a:d6e9), port 5432 failed: timeout expired
connection to server at "ep-summer-poetry-a46p88qe-pooler.us-east-1.aws.neon.tech" (2600:1f18:240c:540b:c14a:4d57:1251:234d), port 5432 failed: timeout expired
connection to server at "ep-summer-poetry-a46p88qe-pooler.us-east-1.aws.neon.tech" (2600:1f18:240c:5419:4ecf:2a7c:cf52:31ae), port 5432 failed: timeout expired
connection to server at "ep-summer-poetry-a46p88qe-pooler.us-east-1.aws.neon.tech" (2600:1f18:240c:543b:a8aa:14fb:d008:11fe), port 5432 failed: timeout expired
connection to server at "ep-summer-poetry-a46p88qe-pooler.us-east-1.aws.neon.tech" (2600:1f18:240c:5454:82a4:8209:20f8:a5c1), port 5432 failed: Software caused connection abort (0x00002745/10053)
	Is the server running on that host and accepting TCP/IP connections?
connection to server at "ep-summer-poetry-a46p88qe-pooler.us-east-1.aws.neon.tech" (2600:1f18:240c:544d:621b:957c:81:5e5b), port 5432 failed: Network is unreachable (0x00002743/10051)
	Is the server running on that host and accepting TCP/IP connections?
connection to server at "ep-summer-poetry-a46p88qe-pooler.us-east-1.aws.neon.tech" (44.207.148.149), port 5432 failed: No route to host (0x00002751/10065)
	Is the server running on that host and accepting TCP/IP connections?
connection to server at "ep-summer-poetry-a46p88qe-pooler.us-east-1.aws.neon.tech" (23.23.229.9), port 5432 failed: No route to host (0x00002751/10065)
	Is the server running on that host and accepting TCP/IP connections?
connection to server at "ep-summer-poetry-a46p88qe-pooler.us-east-1.aws.neon.tech" (44.199.59.172), port 5432 failed: No route to host (0x00002751/10065)
	Is the server running on that host and accepting TCP/IP connections?
connection to server at "ep-summer-poetry-a46p88qe-pooler.us-east-1.aws.neon.tech" (100.26.116.133), port 5432 failed: No route to host (0x00002751/10065)
	Is the server running on that host and accepting TCP/IP connections?
connection to server at "ep-summer-poetry-a46p88qe-pooler.us-east-1.aws.neon.tech" (34.194.100.28), port 5432 failed: No route to host (0x00002751/10065)
	Is the server running on that host and accepting TCP/IP connections?
connection to server at "ep-summer-poetry-a46p88qe-pooler.us-east-1.aws.neon.tech" (52.20.107.131), port 5432 failed: No route to host (0x00002751/10065)
	Is the server running on that host and accepting TCP/IP connections?

ERROR 2024-06-17 18:59:26,853 Sessions assets.py 14 bookSession message - Error booking a session duplicate key value violates unique constraint "static_bookedsession_requested_session_id_key"
DETAIL:  Key (requested_session_id)=(25) already exists.

ERROR 2024-06-17 19:02:05,564 Sessions assets.py 14 bookSession message - Error booking a session name 'mentee' is not defined
ERROR 2024-06-17 19:02:56,124 Sessions assets.py 14 bookSession message - Error booking a session duplicate key value violates unique constraint "static_bookedsession_requested_session_id_key"
DETAIL:  Key (requested_session_id)=(25) already exists.

ERROR 2024-06-17 19:03:45,440 Sessions assets.py 14 bookSession message - Error booking a session 'Session' object has no attribute 'date'
ERROR 2024-06-17 19:09:31,324 Sessions assets.py 14 sessionCompleted message - Error in marking completed Session name 'session_instance' is not defined
ERROR 2024-06-17 19:38:55,898 Sessions assets.py 14 bookSession message - Error booking a session 'Session' object has no attribute 'email_id'
ERROR 2024-06-17 19:40:19,511 Sessions assets.py 14 bookSession message - Error booking a session name 'useDetails' is not defined
ERROR 2024-06-17 19:42:56,704 Sessions assets.py 14 bookSession message - Error booking a session name 'useDetails' is not defined
ERROR 2024-06-17 23:45:16,353 Sessions assets.py 14 bookSession message - Error booking a session 'Session' object has no attribute 'slot_datestrftime'
ERROR 2024-06-17 23:52:20,343 Sessions assets.py 14 bookSession message - Error booking a session name 'url' is not defined
ERROR 2024-06-18 00:11:41,947 Sessions assets.py 14 bookSession message - Error booking a session duplicate key value violates unique constraint "static_bookedsession_requested_session_id_key"
DETAIL:  Key (requested_session_id)=(25) already exists.

ERROR 2024-06-18 00:24:22,801 profile_details assets.py 19 menteeDetails message - Error fetching mentee detailsname 'mentor' is not defined
ERROR 2024-06-18 00:25:14,046 profile_details assets.py 19 menteeDetails message - Error fetching mentee detailsname 'mentor' is not defined
ERROR 2024-06-18 00:25:29,361 profile_details assets.py 19 menteeDetails message - Error fetching mentee detailsname 'mentor' is not defined
ERROR 2024-06-18 00:25:56,909 profile_details assets.py 19 menteeDetails message - Error fetching mentee details'Mentee' object has no attribute 'profile_image_url'
ERROR 2024-06-18 01:46:39,617 Sessions assets.py 14 upcoming_sessions_mentor message - Error while displaying upcoming session
ERROR 2024-06-18 01:52:58,385 Sessions assets.py 14 bookSession message - Error booking a session duplicate key value violates unique constraint "static_bookedsession_requested_session_id_key"
DETAIL:  Key (requested_session_id)=(25) already exists.

ERROR 2024-06-18 11:21:21,993 Sessions assets.py 14 upcoming_sessions_mentor message - Error while displaying upcoming session
ERROR 2024-06-18 11:23:50,817 Sessions assets.py 14 upcoming_sessions_mentee message - Error while displaying upcoming session
ERROR 2024-06-18 11:30:26,517 Sessions assets.py 14 bookSession message - Error booking a session duplicate key value violates unique constraint "static_bookedsession_requested_session_id_key"
DETAIL:  Key (requested_session_id)=(25) already exists.

ERROR 2024-06-18 11:39:05,081 profile_details assets.py 19 menteeDetails message - Error fetching mentee detailsField 'id' expected a number but got {'17'}.
ERROR 2024-06-18 11:58:29,119 Authentication assets.py 52 VerifyMentor message - Error verifying email 
ERROR 2024-06-18 11:58:41,290 Authentication assets.py 52 VerifyMentor message - Error verifying email 
ERROR 2024-06-18 11:59:26,495 Authentication assets.py 52 VerifyMentor message - Error verifying email 
ERROR 2024-06-18 11:59:28,522 Authentication assets.py 52 VerifyMentor message - Error verifying email 
ERROR 2024-06-18 11:59:29,912 Authentication assets.py 52 VerifyMentor message - Error verifying email 
ERROR 2024-06-18 11:59:31,044 Authentication assets.py 52 VerifyMentor message - Error verifying email 
ERROR 2024-06-18 11:59:32,275 Authentication assets.py 52 VerifyMentor message - Error verifying email 
ERROR 2024-06-18 11:59:33,175 Authentication assets.py 52 VerifyMentor message - Error verifying email 
ERROR 2024-06-18 11:59:33,827 Authentication assets.py 52 VerifyMentor message - Error verifying email 
ERROR 2024-06-18 11:59:34,226 Authentication assets.py 52 VerifyMentor message - Error verifying email 
ERROR 2024-06-18 11:59:51,429 Authentication assets.py 52 VerifyMentor message - Error verifying email 
ERROR 2024-06-18 11:59:52,212 Authentication assets.py 52 VerifyMentor message - Error verifying email 
ERROR 2024-06-18 15:05:28,127 Sessions assets.py 14 bookSession message - Error booking a session [WinError 10060] A connection attempt failed because the connected party did not properly respond after a period of time, or established connection failed because connected host has failed to respond
ERROR 2024-06-24 21:43:05,108 profile_details assets.py 19 userQuery message - Error in query
ERROR 2024-06-24 22:04:47,300 Sessions assets.py 14 availabeSessionDeletion message - Error deleting available session name 'AvailableSession' is not defined
ERROR 2024-06-24 22:05:46,271 Sessions assets.py 14 availabeSessionDeletion message - Error deleting available session name 'slots' is not defined
ERROR 2024-06-25 01:48:04,251 Sessions assets.py 14 upcoming_sessions_mentor message - Error while displaying upcoming session
ERROR 2024-06-25 21:12:22,282 Authentication assets.py 52 getMenteeDetails message - Error saving mentor details - 'organisation'
